<?xml version="1.0" encoding="UTF-8"?>
<!-- Generated by org.testng.reporters.JUnitXMLReporter -->
<testsuite ignored="0" hostname="LAPTOP-F8PBBLMP" failures="1" tests="7" name="TC_003_LoginDataDrivenTest" time="30.197" errors="0" timestamp="2024-02-04T14:39:22 IST">
  <testcase classname="testCases.TC_003_LoginDataDrivenTest" name="VerifyLoginDataDrivenTest" time="2.079"/>
  <testcase classname="testCases.TC_003_LoginDataDrivenTest" name="VerifyLoginDataDrivenTest" time="4.914"/>
  <testcase classname="testCases.TC_003_LoginDataDrivenTest" name="VerifyLoginDataDrivenTest" time="1.511"/>
  <testcase classname="testCases.TC_003_LoginDataDrivenTest" name="VerifyLoginDataDrivenTest" time="1.187">
    <failure type="java.lang.AssertionError" message="expected [true] but found [false]">
      <![CDATA[java.lang.AssertionError: expected [true] but found [false]
at testCases.TC_003_LoginDataDrivenTest.VerifyLoginDataDrivenTest(TC_003_LoginDataDrivenTest.java:58)
at java.base/java.util.ArrayList.forEach(ArrayList.java:1511)
... Removed 31 stack frames]]>
    </failure>
  </testcase> <!-- VerifyLoginDataDrivenTest -->
  <testcase classname="testCases.TC_003_LoginDataDrivenTest" name="VerifyLoginDataDrivenTest" time="1.355"/>
  <testcase classname="testCases.TC_003_LoginDataDrivenTest" name="VerifyLoginDataDrivenTest" time="1.211"/>
  <testcase classname="testCases.TC_003_LoginDataDrivenTest" name="VerifyLoginDataDrivenTest" time="4.818"/>
</testsuite> <!-- TC_003_LoginDataDrivenTest -->
